#
# There is insufficient memory for the Java Runtime Environment to continue.
# Native memory allocation (malloc) failed to allocate 32744 bytes for ChunkPool::allocate
# Possible reasons:
#   The system is out of physical RAM or swap space
#   The process is running with CompressedOops enabled, and the Java Heap may be blocking the growth of the native heap
# Possible solutions:
#   Reduce memory load on the system
#   Increase physical memory or swap space
#   Check if swap backing store is full
#   Decrease Java heap size (-Xmx/-Xms)
#   Decrease number of Java threads
#   Decrease Java thread stack sizes (-Xss)
#   Set larger code cache with -XX:ReservedCodeCacheSize=
#   JVM is running with Unscaled Compressed Oops mode in which the Java heap is
#     placed in the first 4GB address space. The Java Heap base address is the
#     maximum limit for the native heap growth. Please use -XX:HeapBaseMinAddress
#     to set the Java Heap base and to place the Java Heap above 4GB virtual address.
# This output file may be truncated or incomplete.
#
#  Out of Memory Error (arena.cpp:79), pid=14620, tid=20564
#
# JRE version: Java(TM) SE Runtime Environment (16.0.1+9) (build 16.0.1+9-24)
# Java VM: Java HotSpot(TM) 64-Bit Server VM (16.0.1+9-24, mixed mode, sharing, tiered, compressed oops, compressed class ptrs, g1 gc, windows-amd64)
# No core dump will be written. Minidumps are not enabled by default on client versions of Windows
#

---------------  S U M M A R Y ------------

Command Line: -Dfile.encoding=UTF-8 ASimulatorSystem.Transactions

Host: Intel(R) Core(TM) i5-4210M CPU @ 2.60GHz, 4 cores, 3G,  Windows 10 , 64 bit Build 18362 (10.0.18362.329)
Time: Sun May  2 16:38:12 2021 India Standard Time elapsed time: 1.037476 seconds (0d 0h 0m 1s)

---------------  T H R E A D  ---------------

Current thread (0x00000186fd91f7d0):  JavaThread "C2 CompilerThread0" daemon [_thread_in_native, id=20564, stack(0x0000003ddd300000,0x0000003ddd400000)]


Current CompileTask:
C2:   1037 1081   !   4       sun.font.TrueTypeFont::getTableBuffer (199 bytes)

Stack: [0x0000003ddd300000,0x0000003ddd400000]
Native frames: (J=compiled Java code, j=interpreted, Vv=VM code, C=native code)
V  [jvm.dll+0x6687ca]
V  [jvm.dll+0x7ca3c9]
V  [jvm.dll+0x7cbb53]
V  [jvm.dll+0x7cc1b3]
V  [jvm.dll+0x242ea5]
V  [jvm.dll+0xae25f]
V  [jvm.dll+0xae5ac]
V  [jvm.dll+0x68f45f]
V  [jvm.dll+0x68fb9e]
V  [jvm.dll+0x68e94c]
V  [jvm.dll+0x216f83]
V  [jvm.dll+0x21524c]
V  [jvm.dll+0x1a1d9b]
V  [jvm.dll+0x2253a8]
V  [jvm.dll+0x2233ec]
V  [jvm.dll+0x780002]
V  [jvm.dll+0x779b4a]
V  [jvm.dll+0x667666]
C  [ucrtbase.dll+0x20e72]
C  [KERNEL32.DLL+0x17bd4]
C  [ntdll.dll+0x6ced1]


---------------  P R O C E S S  ---------------

Threads class SMR info:
_java_thread_list=0x00000186fe753dc0, length=17, elements={
0x00000186ef974790, 0x00000186ef975df0, 0x00000186ef985ea0, 0x00000186ef9899c0,
0x00000186ef98ab60, 0x00000186ef98e4c0, 0x00000186fd91f7d0, 0x00000186fd921ce0,
0x00000186fd937400, 0x00000186fe476700, 0x00000186fe4831b0, 0x00000186fe658d50,
0x00000186fe659270, 0x00000186fe6a3080, 0x00000186fe6f7e50, 0x00000186fe77abc0,
0x00000186ef8badd0
}

Java Threads: ( => current thread )
  0x00000186ef974790 JavaThread "Reference Handler" daemon [_thread_blocked, id=12968, stack(0x0000003ddcd00000,0x0000003ddce00000)]
  0x00000186ef975df0 JavaThread "Finalizer" daemon [_thread_blocked, id=18316, stack(0x0000003ddce00000,0x0000003ddcf00000)]
  0x00000186ef985ea0 JavaThread "Signal Dispatcher" daemon [_thread_blocked, id=20960, stack(0x0000003ddcf00000,0x0000003ddd000000)]
  0x00000186ef9899c0 JavaThread "Attach Listener" daemon [_thread_blocked, id=8020, stack(0x0000003ddd000000,0x0000003ddd100000)]
  0x00000186ef98ab60 JavaThread "Service Thread" daemon [_thread_blocked, id=9052, stack(0x0000003ddd100000,0x0000003ddd200000)]
  0x00000186ef98e4c0 JavaThread "Monitor Deflation Thread" daemon [_thread_blocked, id=16000, stack(0x0000003ddd200000,0x0000003ddd300000)]
=>0x00000186fd91f7d0 JavaThread "C2 CompilerThread0" daemon [_thread_in_native, id=20564, stack(0x0000003ddd300000,0x0000003ddd400000)]
  0x00000186fd921ce0 JavaThread "C1 CompilerThread0" daemon [_thread_blocked, id=21068, stack(0x0000003ddd400000,0x0000003ddd500000)]
  0x00000186fd937400 JavaThread "Sweeper thread" daemon [_thread_blocked, id=2484, stack(0x0000003ddd500000,0x0000003ddd600000)]
  0x00000186fe476700 JavaThread "Notification Thread" daemon [_thread_blocked, id=1684, stack(0x0000003ddd600000,0x0000003ddd700000)]
  0x00000186fe4831b0 JavaThread "Common-Cleaner" daemon [_thread_blocked, id=17580, stack(0x0000003ddd800000,0x0000003ddd900000)]
  0x00000186fe658d50 JavaThread "Java2D Disposer" daemon [_thread_blocked, id=15468, stack(0x0000003ddd900000,0x0000003ddda00000)]
  0x00000186fe659270 JavaThread "AWT-Shutdown" [_thread_blocked, id=7972, stack(0x0000003ddda00000,0x0000003dddb00000)]
  0x00000186fe6a3080 JavaThread "AWT-Windows" daemon [_thread_in_native, id=17828, stack(0x0000003dddb00000,0x0000003dddc00000)]
  0x00000186fe6f7e50 JavaThread "Image Fetcher 0" daemon [_thread_blocked, id=1104, stack(0x0000003dddc00000,0x0000003dddd00000)]
  0x00000186fe77abc0 JavaThread "AWT-EventQueue-0" [_thread_in_native, id=18276, stack(0x0000003dde000000,0x0000003dde100000)]
  0x00000186ef8badd0 JavaThread "DestroyJavaVM" [_thread_blocked, id=9724, stack(0x0000003ddc600000,0x0000003ddc700000)]

Other Threads:
  0x00000186ef9723b0 VMThread "VM Thread" [stack: 0x0000003ddcc00000,0x0000003ddcd00000] [id=18340]
  0x00000186fe478450 WatcherThread [stack: 0x0000003ddd700000,0x0000003ddd800000] [id=21392]
  0x00000186ef8eb2f0 GCTaskThread "GC Thread#0" [stack: 0x0000003ddc700000,0x0000003ddc800000] [id=20780]
  0x00000186fe761040 GCTaskThread "GC Thread#1" [stack: 0x0000003dddd00000,0x0000003ddde00000] [id=21056]
  0x00000186fe754cf0 GCTaskThread "GC Thread#2" [stack: 0x0000003ddde00000,0x0000003dddf00000] [id=18388]
  0x00000186fe755000 GCTaskThread "GC Thread#3" [stack: 0x0000003dddf00000,0x0000003dde000000] [id=2780]
  0x00000186ef8f50c0 ConcurrentGCThread "G1 Main Marker" [stack: 0x0000003ddc800000,0x0000003ddc900000] [id=17944]
  0x00000186ef8f6350 ConcurrentGCThread "G1 Conc#0" [stack: 0x0000003ddc900000,0x0000003ddca00000] [id=14104]
  0x00000186ef944670 ConcurrentGCThread "G1 Refine#0" [stack: 0x0000003ddca00000,0x0000003ddcb00000] [id=18288]
  0x00000186ef946100 ConcurrentGCThread "G1 Service" [stack: 0x0000003ddcb00000,0x0000003ddcc00000] [id=16604]

Threads with active compile tasks:
C2 CompilerThread0     1082 1081   !   4       sun.font.TrueTypeFont::getTableBuffer (199 bytes)

VM state: not at safepoint (normal execution)

VM Mutex/Monitor currently owned by a thread: None

Heap address: 0x00000000c1c00000, size: 996 MB, Compressed Oops mode: 32-bit

CDS archive(s) mapped at: [0x0000000800000000-0x0000000800bb0000-0x0000000800bb0000), size 12255232, SharedBaseAddress: 0x0000000800000000, ArchiveRelocationMode: 0.
Compressed class space mapped at: 0x0000000800c00000-0x0000000840c00000, reserved size: 1073741824
Narrow klass base: 0x0000000800000000, Narrow klass shift: 3, Narrow klass range: 0x100000000

GC Precious Log:
 CPUs: 4 total, 4 available
 Memory: 3977M
 Large Page Support: Disabled
 NUMA Support: Disabled
 Compressed Oops: Enabled (32-bit)
 Heap Region Size: 1M
 Heap Min Capacity: 8M
 Heap Initial Capacity: 64M
 Heap Max Capacity: 996M
 Pre-touch: Disabled
 Parallel Workers: 4
 Concurrent Workers: 1
 Concurrent Refinement Workers: 4
 Periodic GC: Disabled

Heap:
 garbage-first heap   total 65536K, used 25923K [0x00000000c1c00000, 0x0000000100000000)
  region size 1024K, 15 young (15360K), 2 survivors (2048K)
 Metaspace       used 6993K, committed 7168K, reserved 1056768K
  class space    used 721K, committed 832K, reserved 1048576K

Heap Regions: E=young(eden), S=young(survivor), O=old, HS=humongous(starts), HC=humongous(continues), CS=collection set, F=free, OA=open archive, CA=closed archive, TAMS=top-at-mark-start (previous, next)
|   0|0x00000000c1c00000, 0x00000000c1d00000, 0x00000000c1d00000|100%|HS|  |TAMS 0x00000000c1c00000, 0x00000000c1c00000| Complete 
|   1|0x00000000c1d00000, 0x00000000c1e00000, 0x00000000c1e00000|100%|HC|  |TAMS 0x00000000c1d00000, 0x00000000c1d00000| Complete 
|   2|0x00000000c1e00000, 0x00000000c1f00000, 0x00000000c1f00000|100%|HC|  |TAMS 0x00000000c1e00000, 0x00000000c1e00000| Complete 
|   3|0x00000000c1f00000, 0x00000000c2000000, 0x00000000c2000000|100%|HC|  |TAMS 0x00000000c1f00000, 0x00000000c1f00000| Complete 
|   4|0x00000000c2000000, 0x00000000c2100000, 0x00000000c2100000|100%|HS|  |TAMS 0x00000000c2000000, 0x00000000c2000000| Complete 
|   5|0x00000000c2100000, 0x00000000c2200000, 0x00000000c2200000|100%|HC|  |TAMS 0x00000000c2100000, 0x00000000c2100000| Complete 
|   6|0x00000000c2200000, 0x00000000c2300000, 0x00000000c2300000|100%|HC|  |TAMS 0x00000000c2200000, 0x00000000c2200000| Complete 
|   7|0x00000000c2300000, 0x00000000c2400000, 0x00000000c2400000|100%|HC|  |TAMS 0x00000000c2300000, 0x00000000c2300000| Complete 
|   8|0x00000000c2400000, 0x00000000c2500000, 0x00000000c2500000|100%|HC|  |TAMS 0x00000000c2400000, 0x00000000c2400000| Complete 
|   9|0x00000000c2500000, 0x00000000c2550c00, 0x00000000c2600000| 31%| O|  |TAMS 0x00000000c2500000, 0x00000000c2500000| Untracked 
|  10|0x00000000c2600000, 0x00000000c2700000, 0x00000000c2700000|100%|HS|  |TAMS 0x00000000c2600000, 0x00000000c2600000| Complete 
|  11|0x00000000c2700000, 0x00000000c2800000, 0x00000000c2800000|100%|HC|  |TAMS 0x00000000c2700000, 0x00000000c2700000| Complete 
|  12|0x00000000c2800000, 0x00000000c2900000, 0x00000000c2900000|100%|HC|  |TAMS 0x00000000c2800000, 0x00000000c2800000| Complete 
|  13|0x00000000c2900000, 0x00000000c2900000, 0x00000000c2a00000|  0%| F|  |TAMS 0x00000000c2900000, 0x00000000c2900000| Untracked 
|  14|0x00000000c2a00000, 0x00000000c2a00000, 0x00000000c2b00000|  0%| F|  |TAMS 0x00000000c2a00000, 0x00000000c2a00000| Untracked 
|  15|0x00000000c2b00000, 0x00000000c2b00000, 0x00000000c2c00000|  0%| F|  |TAMS 0x00000000c2b00000, 0x00000000c2b00000| Untracked 
|  16|0x00000000c2c00000, 0x00000000c2c00000, 0x00000000c2d00000|  0%| F|  |TAMS 0x00000000c2c00000, 0x00000000c2c00000| Untracked 
|  17|0x00000000c2d00000, 0x00000000c2d00000, 0x00000000c2e00000|  0%| F|  |TAMS 0x00000000c2d00000, 0x00000000c2d00000| Untracked 
|  18|0x00000000c2e00000, 0x00000000c2e00000, 0x00000000c2f00000|  0%| F|  |TAMS 0x00000000c2e00000, 0x00000000c2e00000| Untracked 
|  19|0x00000000c2f00000, 0x00000000c2f00000, 0x00000000c3000000|  0%| F|  |TAMS 0x00000000c2f00000, 0x00000000c2f00000| Untracked 
|  20|0x00000000c3000000, 0x00000000c3000000, 0x00000000c3100000|  0%| F|  |TAMS 0x00000000c3000000, 0x00000000c3000000| Untracked 
|  21|0x00000000c3100000, 0x00000000c3100000, 0x00000000c3200000|  0%| F|  |TAMS 0x00000000c3100000, 0x00000000c3100000| Untracked 
|  22|0x00000000c3200000, 0x00000000c3200000, 0x00000000c3300000|  0%| F|  |TAMS 0x00000000c3200000, 0x00000000c3200000| Untracked 
|  23|0x00000000c3300000, 0x00000000c3300000, 0x00000000c3400000|  0%| F|  |TAMS 0x00000000c3300000, 0x00000000c3300000| Untracked 
|  24|0x00000000c3400000, 0x00000000c3400000, 0x00000000c3500000|  0%| F|  |TAMS 0x00000000c3400000, 0x00000000c3400000| Untracked 
|  25|0x00000000c3500000, 0x00000000c3500000, 0x00000000c3600000|  0%| F|  |TAMS 0x00000000c3500000, 0x00000000c3500000| Untracked 
|  26|0x00000000c3600000, 0x00000000c3600000, 0x00000000c3700000|  0%| F|  |TAMS 0x00000000c3600000, 0x00000000c3600000| Untracked 
|  27|0x00000000c3700000, 0x00000000c3700000, 0x00000000c3800000|  0%| F|  |TAMS 0x00000000c3700000, 0x00000000c3700000| Untracked 
|  28|0x00000000c3800000, 0x00000000c3800000, 0x00000000c3900000|  0%| F|  |TAMS 0x00000000c3800000, 0x00000000c3800000| Untracked 
|  29|0x00000000c3900000, 0x00000000c3900000, 0x00000000c3a00000|  0%| F|  |TAMS 0x00000000c3900000, 0x00000000c3900000| Untracked 
|  30|0x00000000c3a00000, 0x00000000c3a00000, 0x00000000c3b00000|  0%| F|  |TAMS 0x00000000c3a00000, 0x00000000c3a00000| Untracked 
|  31|0x00000000c3b00000, 0x00000000c3b00000, 0x00000000c3c00000|  0%| F|  |TAMS 0x00000000c3b00000, 0x00000000c3b00000| Untracked 
|  32|0x00000000c3c00000, 0x00000000c3c00000, 0x00000000c3d00000|  0%| F|  |TAMS 0x00000000c3c00000, 0x00000000c3c00000| Untracked 
|  33|0x00000000c3d00000, 0x00000000c3d00000, 0x00000000c3e00000|  0%| F|  |TAMS 0x00000000c3d00000, 0x00000000c3d00000| Untracked 
|  34|0x00000000c3e00000, 0x00000000c3e00000, 0x00000000c3f00000|  0%| F|  |TAMS 0x00000000c3e00000, 0x00000000c3e00000| Untracked 
|  35|0x00000000c3f00000, 0x00000000c3f00000, 0x00000000c4000000|  0%| F|  |TAMS 0x00000000c3f00000, 0x00000000c3f00000| Untracked 
|  36|0x00000000c4000000, 0x00000000c4000000, 0x00000000c4100000|  0%| F|  |TAMS 0x00000000c4000000, 0x00000000c4000000| Untracked 
|  37|0x00000000c4100000, 0x00000000c4100000, 0x00000000c4200000|  0%| F|  |TAMS 0x00000000c4100000, 0x00000000c4100000| Untracked 
|  38|0x00000000c4200000, 0x00000000c4200000, 0x00000000c4300000|  0%| F|  |TAMS 0x00000000c4200000, 0x00000000c4200000| Untracked 
|  39|0x00000000c4300000, 0x00000000c4300000, 0x00000000c4400000|  0%| F|  |TAMS 0x00000000c4300000, 0x00000000c4300000| Untracked 
|  40|0x00000000c4400000, 0x00000000c4400000, 0x00000000c4500000|  0%| F|  |TAMS 0x00000000c4400000, 0x00000000c4400000| Untracked 
|  41|0x00000000c4500000, 0x00000000c4500000, 0x00000000c4600000|  0%| F|  |TAMS 0x00000000c4500000, 0x00000000c4500000| Untracked 
|  42|0x00000000c4600000, 0x00000000c4600000, 0x00000000c4700000|  0%| F|  |TAMS 0x00000000c4600000, 0x00000000c4600000| Untracked 
|  43|0x00000000c4700000, 0x00000000c4700000, 0x00000000c4800000|  0%| F|  |TAMS 0x00000000c4700000, 0x00000000c4700000| Untracked 
|  44|0x00000000c4800000, 0x00000000c4800000, 0x00000000c4900000|  0%| F|  |TAMS 0x00000000c4800000, 0x00000000c4800000| Untracked 
|  45|0x00000000c4900000, 0x00000000c4900000, 0x00000000c4a00000|  0%| F|  |TAMS 0x00000000c4900000, 0x00000000c4900000| Untracked 
|  46|0x00000000c4a00000, 0x00000000c4a00000, 0x00000000c4b00000|  0%| F|  |TAMS 0x00000000c4a00000, 0x00000000c4a00000| Untracked 
|  47|0x00000000c4b00000, 0x00000000c4b00000, 0x00000000c4c00000|  0%| F|  |TAMS 0x00000000c4b00000, 0x00000000c4b00000| Untracked 
|  48|0x00000000c4c00000, 0x00000000c4c00000, 0x00000000c4d00000|  0%| F|  |TAMS 0x00000000c4c00000, 0x00000000c4c00000| Untracked 
|  49|0x00000000c4d00000, 0x00000000c4e00000, 0x00000000c4e00000|100%| S|CS|TAMS 0x00000000c4d00000, 0x00000000c4d00000| Complete 
|  50|0x00000000c4e00000, 0x00000000c4f00000, 0x00000000c4f00000|100%| S|CS|TAMS 0x00000000c4e00000, 0x00000000c4e00000| Complete 
|  51|0x00000000c4f00000, 0x00000000c4f378f8, 0x00000000c5000000| 21%| E|  |TAMS 0x00000000c4f00000, 0x00000000c4f00000| Complete 
|  52|0x00000000c5000000, 0x00000000c5100000, 0x00000000c5100000|100%| E|CS|TAMS 0x00000000c5000000, 0x00000000c5000000| Complete 
|  53|0x00000000c5100000, 0x00000000c5200000, 0x00000000c5200000|100%| E|CS|TAMS 0x00000000c5100000, 0x00000000c5100000| Complete 
|  54|0x00000000c5200000, 0x00000000c5300000, 0x00000000c5300000|100%| E|CS|TAMS 0x00000000c5200000, 0x00000000c5200000| Complete 
|  55|0x00000000c5300000, 0x00000000c5400000, 0x00000000c5400000|100%| E|CS|TAMS 0x00000000c5300000, 0x00000000c5300000| Complete 
|  56|0x00000000c5400000, 0x00000000c5500000, 0x00000000c5500000|100%| E|CS|TAMS 0x00000000c5400000, 0x00000000c5400000| Complete 
|  57|0x00000000c5500000, 0x00000000c5600000, 0x00000000c5600000|100%| E|  |TAMS 0x00000000c5500000, 0x00000000c5500000| Complete 
|  58|0x00000000c5600000, 0x00000000c5700000, 0x00000000c5700000|100%| E|CS|TAMS 0x00000000c5600000, 0x00000000c5600000| Complete 
|  59|0x00000000c5700000, 0x00000000c5800000, 0x00000000c5800000|100%| E|CS|TAMS 0x00000000c5700000, 0x00000000c5700000| Complete 
|  60|0x00000000c5800000, 0x00000000c5900000, 0x00000000c5900000|100%| E|CS|TAMS 0x00000000c5800000, 0x00000000c5800000| Complete 
|  61|0x00000000c5900000, 0x00000000c5a00000, 0x00000000c5a00000|100%| E|CS|TAMS 0x00000000c5900000, 0x00000000c5900000| Complete 
|  62|0x00000000c5a00000, 0x00000000c5b00000, 0x00000000c5b00000|100%| E|CS|TAMS 0x00000000c5a00000, 0x00000000c5a00000| Complete 
|  63|0x00000000c5b00000, 0x00000000c5c00000, 0x00000000c5c00000|100%| E|CS|TAMS 0x00000000c5b00000, 0x00000000c5b00000| Complete 

Card table byte_map: [0x00000186f9080000,0x00000186f9280000] _byte_map_base: 0x00000186f8a72000

Marking Bits (Prev, Next): (CMBitMap*) 0x00000186ef8ec9f0, (CMBitMap*) 0x00000186ef8eca30
 Prev Bits: [0x00000186f9480000, 0x00000186fa410000)
 Next Bits: [0x00000186fa410000, 0x00000186fb3a0000)

Polling page: 0x00000186ef6a0000

Metaspace:

Usage:
  Non-class:      6.12 MB used.
      Class:    721.43 KB used.
       Both:      6.83 MB used.

Virtual space:
  Non-class space:        8.00 MB reserved,       6.19 MB ( 77%) committed,  1 nodes.
      Class space:        1.00 GB reserved,     832.00 KB ( <1%) committed,  1 nodes.
              Both:        1.01 GB reserved,       7.00 MB ( <1%) committed. 

Chunk freelists:
   Non-Class:  1.00 MB
       Class:  3.24 MB
        Both:  4.24 MB

MaxMetaspaceSize: 17179869184.00 GB
CompressedClassSpaceSize: 1.00 GB
 - commit_granule_bytes: 65536.
 - commit_granule_words: 8192.
 - virtual_space_node_default_size: 1048576.
 - enlarge_chunks_in_place: 1.
 - new_chunks_are_fully_committed: 0.
 - uncommit_free_chunks: 1.
 - use_allocation_guard: 0.
 - handle_deallocations: 1.


Internal statistics:

num_allocs_failed_limit: 0.
num_arena_births: 118.
num_arena_deaths: 0.
num_vsnodes_births: 2.
num_vsnodes_deaths: 0.
num_space_committed: 112.
num_space_uncommitted: 0.
num_chunks_returned_to_freelist: 0.
num_chunks_taken_from_freelist: 148.
num_chunk_merges: 0.
num_chunk_splits: 92.
num_chunks_enlarged: 42.
num_purges: 0.

CodeHeap 'non-profiled nmethods': size=120000Kb used=293Kb max_used=293Kb free=119706Kb
 bounds [0x0000018687ad0000, 0x0000018687d40000, 0x000001868f000000]
CodeHeap 'profiled nmethods': size=120000Kb used=1844Kb max_used=1844Kb free=118155Kb
 bounds [0x00000186805a0000, 0x0000018680810000, 0x0000018687ad0000]
CodeHeap 'non-nmethods': size=5760Kb used=1271Kb max_used=1286Kb free=4488Kb
 bounds [0x0000018680000000, 0x0000018680270000, 0x00000186805a0000]
 total_blobs=1669 nmethods=1080 adapters=502
 compilation: enabled
              stopped_count=0, restarted_count=0
 full_count=0

Compilation events (20 events):
Event: 0.974 Thread 0x00000186fd921ce0 nmethod 1071 0x0000018680767d90 code [0x0000018680767f80, 0x00000186807685b8]
Event: 0.974 Thread 0x00000186fd91f7d0 1072       4       java.lang.String::checkBoundsOffCount (64 bytes)
Event: 0.975 Thread 0x00000186fd91f7d0 nmethod 1072 0x0000018687b18810 code [0x0000018687b189a0, 0x0000018687b18a58]
Event: 0.978 Thread 0x00000186fd921ce0 1073       3       java.util.Locale::getDefault (4 bytes)
Event: 0.978 Thread 0x00000186fd921ce0 nmethod 1073 0x0000018680768790 code [0x0000018680768920, 0x0000018680768a18]
Event: 0.980 Thread 0x00000186fd921ce0 1074       3       java.lang.String::toLowerCase (8 bytes)
Event: 0.980 Thread 0x00000186fd921ce0 nmethod 1074 0x0000018680768a90 code [0x0000018680768c80, 0x0000018680769018]
Event: 0.985 Thread 0x00000186fd921ce0 1075       3       java.lang.StringUTF16::toBytes (34 bytes)
Event: 0.985 Thread 0x00000186fd921ce0 nmethod 1075 0x0000018680769190 code [0x0000018680769340, 0x0000018680769568]
Event: 0.986 Thread 0x00000186fd921ce0 1076       3       java.lang.StringUTF16::hashCode (33 bytes)
Event: 0.987 Thread 0x00000186fd921ce0 nmethod 1076 0x0000018680769710 code [0x00000186807698c0, 0x0000018680769a78]
Event: 0.992 Thread 0x00000186fd91f7d0 1077   !   4       sun.font.SunFontManager::addToPool (131 bytes)
Event: 1.005 Thread 0x00000186fd921ce0 1078   !   3       sun.font.TrueTypeFont::getAllFullNames (30 bytes)
Event: 1.005 Thread 0x00000186fd921ce0 nmethod 1078 0x0000018680769b90 code [0x0000018680769dc0, 0x000001868076a648]
Event: 1.005 Thread 0x00000186fd921ce0 1080  s    3       sun.font.FontFamily::addLocaleNames (45 bytes)
Event: 1.006 Thread 0x00000186fd921ce0 nmethod 1080 0x000001868076a910 code [0x000001868076ab40, 0x000001868076b3c8]
Event: 1.006 Thread 0x00000186fd921ce0 1079   !   3       sun.font.TrueTypeFont::getAllFamilyNames (30 bytes)
Event: 1.006 Thread 0x00000186fd921ce0 nmethod 1079 0x000001868076b690 code [0x000001868076b8c0, 0x000001868076c148]
Event: 1.007 Thread 0x00000186fd91f7d0 nmethod 1077 0x0000018687b18b10 code [0x0000018687b18cc0, 0x0000018687b19368]
Event: 1.007 Thread 0x00000186fd91f7d0 1081   !   4       sun.font.TrueTypeFont::getTableBuffer (199 bytes)

GC Heap History (2 events):
Event: 0.438 GC heap before
{Heap before GC invocations=0 (full 0):
 garbage-first heap   total 65536K, used 22528K [0x00000000c1c00000, 0x0000000100000000)
  region size 1024K, 13 young (13312K), 0 survivors (0K)
 Metaspace       used 4706K, committed 4800K, reserved 1056768K
  class space    used 478K, committed 512K, reserved 1048576K
}
Event: 0.444 GC heap after
{Heap after GC invocations=1 (full 0):
 garbage-first heap   total 65536K, used 11587K [0x00000000c1c00000, 0x0000000100000000)
  region size 1024K, 2 young (2048K), 2 survivors (2048K)
 Metaspace       used 4706K, committed 4800K, reserved 1056768K
  class space    used 478K, committed 512K, reserved 1048576K
}

Deoptimization events (20 events):
Event: 0.501 Thread 0x00000186ef8badd0 Uncommon trap: trap_request=0xffffff45 fr.pc=0x0000018687af3f58 relative=0x0000000000000338
Event: 0.501 Thread 0x00000186ef8badd0 Uncommon trap: reason=unstable_if action=reinterpret pc=0x0000018687af3f58 method=java.lang.StringUTF16.compress([CI[BII)I @ 20 c2
Event: 0.501 Thread 0x00000186ef8badd0 DEOPT PACKING pc=0x0000018687af3f58 sp=0x0000003ddc6fccc0
Event: 0.502 Thread 0x00000186ef8badd0 DEOPT UNPACKING pc=0x000001868004d72e sp=0x0000003ddc6fcc40 mode 2
Event: 0.580 Thread 0x00000186fe77abc0 Uncommon trap: trap_request=0xffffff45 fr.pc=0x0000018687b018cc relative=0x00000000000007ec
Event: 0.580 Thread 0x00000186fe77abc0 Uncommon trap: reason=unstable_if action=reinterpret pc=0x0000018687b018cc method=java.util.HashMap.putVal(ILjava/lang/Object;Ljava/lang/Object;ZZ)Ljava/lang/Object; @ 181 c2
Event: 0.580 Thread 0x00000186fe77abc0 DEOPT PACKING pc=0x0000018687b018cc sp=0x0000003dde0fd020
Event: 0.580 Thread 0x00000186fe77abc0 DEOPT UNPACKING pc=0x000001868004d72e sp=0x0000003dde0fcf58 mode 2
Event: 0.943 Thread 0x00000186fe77abc0 Uncommon trap: trap_request=0xffffff45 fr.pc=0x0000018687afe8e8 relative=0x0000000000000788
Event: 0.943 Thread 0x00000186fe77abc0 Uncommon trap: reason=unstable_if action=reinterpret pc=0x0000018687afe8e8 method=java.util.HashMap.putVal(ILjava/lang/Object;Ljava/lang/Object;ZZ)Ljava/lang/Object; @ 181 c2
Event: 0.943 Thread 0x00000186fe77abc0 DEOPT PACKING pc=0x0000018687afe8e8 sp=0x0000003dde0fcf00
Event: 0.943 Thread 0x00000186fe77abc0 DEOPT UNPACKING pc=0x000001868004d72e sp=0x0000003dde0fcea0 mode 2
Event: 0.944 Thread 0x00000186fe77abc0 Uncommon trap: trap_request=0xffffff45 fr.pc=0x0000018687adde44 relative=0x0000000000000224
Event: 0.944 Thread 0x00000186fe77abc0 Uncommon trap: reason=unstable_if action=reinterpret pc=0x0000018687adde44 method=java.lang.String.hashCode()I @ 20 c2
Event: 0.944 Thread 0x00000186fe77abc0 DEOPT PACKING pc=0x0000018687adde44 sp=0x0000003dde0fcf70
Event: 0.944 Thread 0x00000186fe77abc0 DEOPT UNPACKING pc=0x000001868004d72e sp=0x0000003dde0fcf00 mode 2
Event: 0.962 Thread 0x00000186fe77abc0 Uncommon trap: trap_request=0xffffff45 fr.pc=0x0000018687b162bc relative=0x00000000000003fc
Event: 0.962 Thread 0x00000186fe77abc0 Uncommon trap: reason=unstable_if action=reinterpret pc=0x0000018687b162bc method=java.lang.Character.isSurrogate(C)Z @ 3 c2
Event: 0.962 Thread 0x00000186fe77abc0 DEOPT PACKING pc=0x0000018687b162bc sp=0x0000003dde0fcc50
Event: 0.962 Thread 0x00000186fe77abc0 DEOPT UNPACKING pc=0x000001868004d72e sp=0x0000003dde0fcb78 mode 2

Classes unloaded (0 events):
No events

Classes redefined (0 events):
No events

Internal exceptions (13 events):
Event: 0.108 Thread 0x00000186ef8badd0 Exception <a 'java/lang/NoSuchMethodError'{0x00000000c5a53e70}: 'void java.lang.invoke.DirectMethodHandle$Holder.invokeSpecial(java.lang.Object, java.lang.Object, java.lang.Object)'> (0x00000000c5a53e70) 
thrown [t:\workspace\open\src\hotspot\share\interpreter\linkResolver.cpp, line 790]
Event: 0.120 Thread 0x00000186ef8badd0 Exception <a 'java/lang/ClassNotFoundException'{0x00000000c5a71a98}: sun/awt/resources/spi/awtProvider> (0x00000000c5a71a98) 
thrown [t:\workspace\open\src\hotspot\share\classfile\systemDictionary.cpp, line 256]
Event: 0.154 Thread 0x00000186ef8badd0 Exception <a 'java/io/FileNotFoundException'{0x00000000c5acb858}> (0x00000000c5acb858) 
thrown [t:\workspace\open\src\hotspot\share\prims\jni.cpp, line 579]
Event: 0.166 Thread 0x00000186ef8badd0 Exception <a 'java/io/FileNotFoundException'{0x00000000c5afa160}> (0x00000000c5afa160) 
thrown [t:\workspace\open\src\hotspot\share\prims\jni.cpp, line 579]
Event: 0.167 Thread 0x00000186ef8badd0 Exception <a 'java/lang/NoSuchMethodError'{0x00000000c5afb358}: 'java.lang.Object java.lang.invoke.DirectMethodHandle$Holder.invokeStatic(java.lang.Object)'> (0x00000000c5afb358) 
thrown [t:\workspace\open\src\hotspot\share\interpreter\linkResolver.cpp, line 790]
Event: 0.214 Thread 0x00000186ef8badd0 Exception <a 'java/lang/NoSuchMethodError'{0x00000000c5950ec0}: 'java.lang.Object java.lang.invoke.DirectMethodHandle$Holder.invokeStaticInit(java.lang.Object)'> (0x00000000c5950ec0) 
thrown [t:\workspace\open\src\hotspot\share\interpreter\linkResolver.cpp, line 790]
Event: 0.262 Thread 0x00000186ef8badd0 Exception <a 'java/lang/NoSuchMethodError'{0x00000000c5805250}: 'java.lang.Object java.lang.invoke.DirectMethodHandle$Holder.newInvokeSpecial(java.lang.Object, java.lang.Object, java.lang.Object, java.lang.Object, java.lang.Object)'> (0x00000000c5805250) 
thrown [t:\workspace\open\src\hotspot\share\interpreter\linkResolver.cpp, line 790]
Event: 0.264 Thread 0x00000186ef8badd0 Exception <a 'java/lang/NoSuchMethodError'{0x00000000c5810d38}: 'java.lang.Object java.lang.invoke.DirectMethodHandle$Holder.invokeStatic(java.lang.Object, int, java.lang.Object, java.lang.Object, java.lang.Object, java.lang.Object)'> (0x00000000c5810d38) 
thrown [t:\workspace\open\src\hotspot\share\interpreter\linkResolver.cpp, line 790]
Event: 0.270 Thread 0x00000186ef8badd0 Exception <a 'java/lang/NoSuchMethodError'{0x00000000c5836e00}: 'java.lang.Object java.lang.invoke.DirectMethodHandle$Holder.invokeStatic(java.lang.Object, int, java.lang.Object)'> (0x00000000c5836e00) 
thrown [t:\workspace\open\src\hotspot\share\interpreter\linkResolver.cpp, line 790]
Event: 0.306 Thread 0x00000186ef8badd0 Exception <a 'java/lang/ClassNotFoundException'{0x00000000c58ef478}: com/sun/swing/internal/plaf/metal/resources/spi/metalProvider> (0x00000000c58ef478) 
thrown [t:\workspace\open\src\hotspot\share\classfile\systemDictionary.cpp, line 256]
Event: 0.307 Thread 0x00000186ef8badd0 Exception <a 'java/lang/ClassNotFoundException'{0x00000000c58f3510}: com/sun/swing/internal/plaf/basic/resources/spi/basicProvider> (0x00000000c58f3510) 
thrown [t:\workspace\open\src\hotspot\share\classfile\systemDictionary.cpp, line 256]
Event: 0.383 Thread 0x00000186fe6f7e50 Exception <a 'java/lang/NoSuchMethodError'{0x00000000c56bd7c8}: 'java.lang.Object java.lang.invoke.DirectMethodHandle$Holder.newInvokeSpecial(java.lang.Object, java.lang.Object, java.lang.Object, int, int, int, int, int)'> (0x00000000c56bd7c8) 
thrown [t:\workspace\open\src\hotspot\share\interpreter\linkResolver.cpp, line 790]
Event: 0.484 Thread 0x00000186ef8badd0 Exception <a 'java/lang/NoSuchMethodError'{0x00000000c5ad1288}: 'void java.lang.invoke.DirectMethodHandle$Holder.invokeStaticInit(java.lang.Object)'> (0x00000000c5ad1288) 
thrown [t:\workspace\open\src\hotspot\share\interpreter\linkResolver.cpp, line 790]

Events (20 events):
Event: 0.594 loading class java/awt/geom/Point2D$Double
Event: 0.594 loading class java/awt/geom/Point2D$Double done
Event: 0.594 loading class sun/java2d/pipe/AlphaPaintPipe$TileContext
Event: 0.594 loading class sun/java2d/pipe/AlphaPaintPipe$TileContext done
Event: 0.595 loading class sun/font/CompositeGlyphMapper
Event: 0.595 loading class sun/font/CompositeGlyphMapper done
Event: 0.598 loading class java/awt/print/PrinterGraphics
Event: 0.598 loading class java/awt/print/PrinterGraphics done
Event: 0.598 loading class java/awt/PrintGraphics
Event: 0.598 loading class java/awt/PrintGraphics done
Event: 0.598 loading class sun/java2d/loops/FontInfo
Event: 0.599 loading class sun/java2d/loops/FontInfo done
Event: 0.610 loading class sun/font/SunFontManager$FamilyDescription
Event: 0.610 loading class sun/font/SunFontManager$FamilyDescription done
Event: 0.636 loading class sun/font/SunFontManager$9
Event: 0.636 loading class sun/font/SunFontManager$9 done
Event: 0.748 loading class sun/font/SunFontManager$10
Event: 0.748 loading class sun/font/SunFontManager$10 done
Event: 0.871 loading class jdk/internal/access/foreign/MemorySegmentProxy
Event: 0.872 loading class jdk/internal/access/foreign/MemorySegmentProxy done


Dynamic libraries:
0x00007ff696380000 - 0x00007ff696390000 	C:\Program Files\Java\jdk-16.0.1\bin\java.exe
0x00007ffebc1a0000 - 0x00007ffebc390000 	C:\Windows\SYSTEM32\ntdll.dll
0x00007ffebb2e0000 - 0x00007ffebb392000 	C:\Windows\System32\KERNEL32.DLL
0x00007ffeb9400000 - 0x00007ffeb96a3000 	C:\Windows\System32\KERNELBASE.dll
0x00007ffeba0d0000 - 0x00007ffeba1ca000 	C:\Windows\System32\ucrtbase.dll
0x00007ffe9d5b0000 - 0x00007ffe9d5c9000 	C:\Program Files\Java\jdk-16.0.1\bin\VCRUNTIME140.dll
0x00007ffeb1f00000 - 0x00007ffeb1f18000 	C:\Program Files\Java\jdk-16.0.1\bin\jli.dll
0x00007ffebb410000 - 0x00007ffebb4b3000 	C:\Windows\System32\ADVAPI32.dll
0x00007ffeba7d0000 - 0x00007ffeba86e000 	C:\Windows\System32\msvcrt.dll
0x00007ffebbb80000 - 0x00007ffebbc17000 	C:\Windows\System32\sechost.dll
0x00007ffeba300000 - 0x00007ffeba420000 	C:\Windows\System32\RPCRT4.dll
0x00007ffeba870000 - 0x00007ffebaa04000 	C:\Windows\System32\USER32.dll
0x00007ffeb9200000 - 0x00007ffeb9221000 	C:\Windows\System32\win32u.dll
0x00007ffebbfd0000 - 0x00007ffebbff6000 	C:\Windows\System32\GDI32.dll
0x00007ffeb9f30000 - 0x00007ffeba0c4000 	C:\Windows\System32\gdi32full.dll
0x00007ffeac650000 - 0x00007ffeac8d5000 	C:\Windows\WinSxS\amd64_microsoft.windows.common-controls_6595b64144ccf1df_6.0.18362.476_none_e6c4b11b130f2595\COMCTL32.dll
0x00007ffeb9e90000 - 0x00007ffeb9f2e000 	C:\Windows\System32\msvcp_win.dll
0x00007ffebbc20000 - 0x00007ffebbf56000 	C:\Windows\System32\combase.dll
0x00007ffeba1d0000 - 0x00007ffeba250000 	C:\Windows\System32\bcryptPrimitives.dll
0x00007ffeb2aa0000 - 0x00007ffeb2aaa000 	C:\Windows\SYSTEM32\VERSION.dll
0x00007ffebc000000 - 0x00007ffebc02e000 	C:\Windows\System32\IMM32.DLL
0x00007ffeade50000 - 0x00007ffeade5c000 	C:\Program Files\Java\jdk-16.0.1\bin\vcruntime140_1.dll
0x00007ffe95320000 - 0x00007ffe953b1000 	C:\Program Files\Java\jdk-16.0.1\bin\msvcp140.dll
0x00007ffe66f70000 - 0x00007ffe67b1b000 	C:\Program Files\Java\jdk-16.0.1\bin\server\jvm.dll
0x00007ffebb540000 - 0x00007ffebb548000 	C:\Windows\System32\PSAPI.DLL
0x00007ffeb1c60000 - 0x00007ffeb1c69000 	C:\Windows\SYSTEM32\WSOCK32.dll
0x00007ffebb3a0000 - 0x00007ffebb40f000 	C:\Windows\System32\WS2_32.dll
0x00007ffeb7160000 - 0x00007ffeb7184000 	C:\Windows\SYSTEM32\WINMM.dll
0x00007ffeb70a0000 - 0x00007ffeb70cd000 	C:\Windows\SYSTEM32\winmmbase.dll
0x00007ffeb9230000 - 0x00007ffeb927a000 	C:\Windows\System32\cfgmgr32.dll
0x00007ffeb90c0000 - 0x00007ffeb90d1000 	C:\Windows\System32\kernel.appcore.dll
0x00007ffead810000 - 0x00007ffead81a000 	C:\Program Files\Java\jdk-16.0.1\bin\jimage.dll
0x00007ffea1a00000 - 0x00007ffea1bf4000 	C:\Windows\SYSTEM32\DBGHELP.DLL
0x00007ffea19d0000 - 0x00007ffea19fa000 	C:\Windows\SYSTEM32\dbgcore.DLL
0x00007ffe97cf0000 - 0x00007ffe97d15000 	C:\Program Files\Java\jdk-16.0.1\bin\java.dll
0x00007ffebab50000 - 0x00007ffebb235000 	C:\Windows\System32\SHELL32.dll
0x00007ffebc0b0000 - 0x00007ffebc159000 	C:\Windows\System32\shcore.dll
0x00007ffeb96b0000 - 0x00007ffeb9e2e000 	C:\Windows\System32\windows.storage.dll
0x00007ffeb9080000 - 0x00007ffeb909f000 	C:\Windows\System32\profapi.dll
0x00007ffeb90e0000 - 0x00007ffeb912a000 	C:\Windows\System32\powrprof.dll
0x00007ffeb9070000 - 0x00007ffeb9080000 	C:\Windows\System32\UMPDC.dll
0x00007ffebb550000 - 0x00007ffebb5a2000 	C:\Windows\System32\shlwapi.dll
0x00007ffeb9130000 - 0x00007ffeb9147000 	C:\Windows\System32\cryptsp.dll
0x00007ffe9cd40000 - 0x00007ffe9cd59000 	C:\Program Files\Java\jdk-16.0.1\bin\net.dll
0x00007ffeabc20000 - 0x00007ffeabd10000 	C:\Windows\SYSTEM32\WINHTTP.dll
0x00007ffeb88e0000 - 0x00007ffeb8947000 	C:\Windows\system32\mswsock.dll
0x00007ffe985a0000 - 0x00007ffe985b3000 	C:\Program Files\Java\jdk-16.0.1\bin\nio.dll
0x00007ffe97bd0000 - 0x00007ffe97be8000 	C:\Program Files\Java\jdk-16.0.1\bin\zip.dll
0x00007ffe91820000 - 0x00007ffe919a0000 	C:\Program Files\Java\jdk-16.0.1\bin\awt.dll
0x00007ffeba480000 - 0x00007ffeba544000 	C:\Windows\System32\OLEAUT32.dll
0x00007ffeb70d0000 - 0x00007ffeb715f000 	C:\Windows\SYSTEM32\apphelp.dll
0x00007ffeb77d0000 - 0x00007ffeb77fd000 	C:\Windows\system32\DWMAPI.DLL
0x00007ffeb73b0000 - 0x00007ffeb7449000 	C:\Windows\system32\uxtheme.dll
0x00007ffea99a0000 - 0x00007ffea9af6000 	C:\Windows\system32\opengl32.dll
0x00007ffead560000 - 0x00007ffead58c000 	C:\Windows\SYSTEM32\GLU32.dll
0x00007ffeb7ca0000 - 0x00007ffeb7cc0000 	C:\Windows\SYSTEM32\dxcore.dll
0x00007ffebaa10000 - 0x00007ffebab46000 	C:\Windows\System32\MSCTF.dll
0x00007ffebb5b0000 - 0x00007ffebb706000 	C:\Windows\System32\ole32.dll
0x00007ffeb1a80000 - 0x00007ffeb1aad000 	C:\Program Files\Java\jdk-16.0.1\bin\javajpeg.dll
0x00007ffe95180000 - 0x00007ffe95209000 	C:\Program Files\Java\jdk-16.0.1\bin\freetype.dll
0x00007ffe94c20000 - 0x00007ffe94d16000 	C:\Program Files\Java\jdk-16.0.1\bin\harfbuzz.dll
0x00007ffe94d70000 - 0x00007ffe94d82000 	C:\Program Files\Java\jdk-16.0.1\bin\fontmanager.dll

dbghelp: loaded successfully - version: 4.0.5 - missing functions: none
symbol engine: initialized successfully - sym options: 0x614 - pdb path: .;C:\Program Files\Java\jdk-16.0.1\bin;C:\Windows\SYSTEM32;C:\Windows\WinSxS\amd64_microsoft.windows.common-controls_6595b64144ccf1df_6.0.18362.476_none_e6c4b11b130f2595;C:\Program Files\Java\jdk-16.0.1\bin\server

VM Arguments:
jvm_args: -Dfile.encoding=UTF-8 
java_command: ASimulatorSystem.Transactions
java_class_path (initial): C:\mysql-connector-java-8.0.24\mysql-connector-java-8.0.24.jar;C:\Users\Jitendra Kumar\Downloads\lib\jcalendar-1.4.jar;C:\Users\Jitendra Kumar\Documents\NetBeansProjects\Bank_Management_System\ATM-Simulator-System\ATM-Simulator-System\build\classes
Launcher Type: SUN_STANDARD

[Global flags]
     intx CICompilerCount                          = 3                                         {product} {ergonomic}
     uint ConcGCThreads                            = 1                                         {product} {ergonomic}
     uint G1ConcRefinementThreads                  = 4                                         {product} {ergonomic}
   size_t G1HeapRegionSize                         = 1048576                                   {product} {ergonomic}
    uintx GCDrainStackTargetSize                   = 64                                        {product} {ergonomic}
   size_t InitialHeapSize                          = 67108864                                  {product} {ergonomic}
   size_t MarkStackSize                            = 4194304                                   {product} {ergonomic}
   size_t MaxHeapSize                              = 1044381696                                {product} {ergonomic}
   size_t MaxNewSize                               = 625999872                                 {product} {ergonomic}
   size_t MinHeapDeltaBytes                        = 1048576                                   {product} {ergonomic}
   size_t MinHeapSize                              = 8388608                                   {product} {ergonomic}
    uintx NonNMethodCodeHeapSize                   = 5832780                                {pd product} {ergonomic}
    uintx NonProfiledCodeHeapSize                  = 122912730                              {pd product} {ergonomic}
    uintx ProfiledCodeHeapSize                     = 122912730                              {pd product} {ergonomic}
    uintx ReservedCodeCacheSize                    = 251658240                              {pd product} {ergonomic}
     bool SegmentedCodeCache                       = true                                      {product} {ergonomic}
   size_t SoftMaxHeapSize                          = 1044381696                             {manageable} {ergonomic}
     bool UseCompressedClassPointers               = true                           {product lp64_product} {ergonomic}
     bool UseCompressedOops                        = true                           {product lp64_product} {ergonomic}
     bool UseG1GC                                  = true                                      {product} {ergonomic}
     bool UseLargePagesIndividualAllocation        = false                                  {pd product} {ergonomic}

Logging:
Log output configuration:
 #0: stdout all=warning uptime,level,tags
 #1: stderr all=off uptime,level,tags

Environment Variables:
JAVA_HOME=C:\Program Files\Java\jdk-16.0.1
PATH=C:\oraclexe\app\oracle\product\10.2.0\server\bin;C:\Program Files\Common Files\Oracle\Java\javapath;C:\Windows\system32;C:\Windows;C:\Windows\System32\Wbem;C:\Windows\System32\WindowsPowerShell\v1.0\;C:\Windows\System32\OpenSSH\;C:\Program Files\Java\jdk-16.0.1\bin;C:\Program Files\Git\cmd;C:\Users\Jitendra Kumar\AppData\Local\Microsoft\WindowsApps;
USERNAME=Jitendra Kumar
OS=Windows_NT
PROCESSOR_IDENTIFIER=Intel64 Family 6 Model 60 Stepping 3, GenuineIntel



---------------  S Y S T E M  ---------------

OS:
 Windows 10 , 64 bit Build 18362 (10.0.18362.329)
OS uptime: 2 days 1:43 hours

CPU: total 4 (initial active 4) (2 cores per cpu, 2 threads per core) family 6 model 60 stepping 3 microcode 0x28, cx8, cmov, fxsr, ht, mmx, sse, sse2, sse3, ssse3, sse4.1, sse4.2, popcnt, lzcnt, tsc, tscinvbit, avx, avx2, aes, erms, clmul, bmi1, bmi2, fma, vzeroupper, clflush

Memory: 4k page, system-wide physical 3977M (501M free)
TotalPageFile size 16265M (AvailPageFile size 1M)
current process WorkingSet (physical memory assigned to process): 76M, peak: 76M
current process commit charge ("private bytes"): 147M, peak: 147M

vm_info: Java HotSpot(TM) 64-Bit Server VM (16.0.1+9-24) for windows-amd64 JRE (16.0.1+9-24), built on Mar 26 2021 19:31:42 by "mach5one" with MS VC++ 16.7 (VS2019)

END.
